2023-06-15 10:50:37 [background-preinit] INFO  o.h.validator.internal.util.Version -
				HV000001: Hibernate Validator 8.0.0.Final
2023-06-15 10:50:37 [main] INFO  c.o.d.DeskbookUserServicesApplication -
				Starting DeskbookUserServicesApplication using Java 17.0.5 with PID 10404 (C:\Users\preet.patel\eclipse-workspace\Desk-Book\deskbook-java-service-Develop\target\classes started by preet.patel in C:\Users\preet.patel\eclipse-workspace\Desk-Book\deskbook-java-service-Develop)
2023-06-15 10:50:37 [main] INFO  c.o.d.DeskbookUserServicesApplication -
				The following 1 profile is active: "local"
2023-06-15 10:50:41 [main] INFO  o.s.d.r.c.RepositoryConfigurationDelegate -
				Bootstrapping Spring Data JPA repositories in DEFAULT mode.
2023-06-15 10:50:41 [main] INFO  o.s.d.r.c.RepositoryConfigurationDelegate -
				Finished Spring Data repository scanning in 191 ms. Found 11 JPA repository interfaces.
2023-06-15 10:50:45 [main] INFO  o.s.b.w.e.tomcat.TomcatWebServer -
				Tomcat initialized with port(s): 9443 (http)
2023-06-15 10:50:45 [main] INFO  o.a.coyote.http11.Http11NioProtocol -
				Initializing ProtocolHandler ["http-nio-9443"]
2023-06-15 10:50:45 [main] INFO  o.a.catalina.core.StandardService -
				Starting service [Tomcat]
2023-06-15 10:50:45 [main] INFO  o.a.catalina.core.StandardEngine -
				Starting Servlet engine: [Apache Tomcat/10.1.7]
2023-06-15 10:50:46 [main] INFO  o.a.c.c.C.[Tomcat].[localhost].[/] -
				Initializing Spring embedded WebApplicationContext
2023-06-15 10:50:46 [main] INFO  o.s.b.w.s.c.ServletWebServerApplicationContext -
				Root WebApplicationContext: initialization completed in 8681 ms
2023-06-15 10:50:47 [main] INFO  o.h.jpa.internal.util.LogHelper -
				HHH000204: Processing PersistenceUnitInfo [name: default]
2023-06-15 10:50:47 [main] INFO  org.hibernate.Version -
				HHH000412: Hibernate ORM core version 6.1.7.Final
2023-06-15 10:50:48 [main] INFO  com.zaxxer.hikari.HikariDataSource -
				HikariPool-1 - Starting...
2023-06-15 10:50:49 [main] INFO  com.zaxxer.hikari.pool.HikariPool -
				HikariPool-1 - Added connection ConnectionID:1 ClientConnectionId: aa58ea4f-1189-41a5-8ba6-948b9ff6d60b
2023-06-15 10:50:49 [main] INFO  com.zaxxer.hikari.HikariDataSource -
				HikariPool-1 - Start completed.
2023-06-15 10:50:49 [main] INFO  SQL dialect -
				HHH000400: Using dialect: org.hibernate.dialect.SQLServerDialect
2023-06-15 10:50:52 [main] INFO  o.h.e.t.j.p.i.JtaPlatformInitiator -
				HHH000490: Using JtaPlatform implementation: [org.hibernate.engine.transaction.jta.platform.internal.NoJtaPlatform]
2023-06-15 10:50:52 [main] INFO  o.s.o.j.LocalContainerEntityManagerFactoryBean -
				Initialized JPA EntityManagerFactory for persistence unit 'default'
2023-06-15 10:50:57 [main] WARN  o.s.b.a.o.j.JpaBaseConfiguration$JpaWebConfiguration -
				spring.jpa.open-in-view is enabled by default. Therefore, database queries may be performed during view rendering. Explicitly configure spring.jpa.open-in-view to disable this warning
2023-06-15 10:51:01 [main] INFO  o.s.s.web.DefaultSecurityFilterChain -
				Will secure any request with [org.springframework.security.web.session.DisableEncodeUrlFilter@5f45abe6, org.springframework.security.web.context.request.async.WebAsyncManagerIntegrationFilter@49c51eb7, org.springframework.security.web.context.SecurityContextHolderFilter@1f3b8bfe, org.springframework.security.web.header.HeaderWriterFilter@1ae3d0a8, org.springframework.web.filter.CorsFilter@1928dc66, org.springframework.security.web.authentication.logout.LogoutFilter@2094a7be, org.springframework.security.oauth2.server.resource.web.authentication.BearerTokenAuthenticationFilter@384d0e1f, org.springframework.security.web.savedrequest.RequestCacheAwareFilter@7de1cc9f, org.springframework.security.web.servletapi.SecurityContextHolderAwareRequestFilter@111c9be, org.springframework.security.web.authentication.AnonymousAuthenticationFilter@3dad8926, org.springframework.security.web.access.ExceptionTranslationFilter@1881ef74, org.springframework.security.web.access.intercept.AuthorizationFilter@5db3afff]
2023-06-15 10:51:01 [main] INFO  o.a.coyote.http11.Http11NioProtocol -
				Starting ProtocolHandler ["http-nio-9443"]
2023-06-15 10:51:01 [main] INFO  o.s.b.w.e.tomcat.TomcatWebServer -
				Tomcat started on port(s): 9443 (http) with context path ''
2023-06-15 10:51:01 [main] INFO  c.o.d.DeskbookUserServicesApplication -
				Started DeskbookUserServicesApplication in 24.757 seconds (process running for 25.911)
2023-06-15 10:52:37 [http-nio-9443-exec-2] INFO  o.a.c.c.C.[Tomcat].[localhost].[/] -
				Initializing Spring DispatcherServlet 'dispatcherServlet'
2023-06-15 10:52:37 [http-nio-9443-exec-2] INFO  o.s.web.servlet.DispatcherServlet -
				Initializing Servlet 'dispatcherServlet'
2023-06-15 10:52:37 [http-nio-9443-exec-2] INFO  o.s.web.servlet.DispatcherServlet -
				Completed initialization in 1 ms
2023-06-15 10:54:47 [background-preinit] INFO  o.h.validator.internal.util.Version -
				HV000001: Hibernate Validator 8.0.0.Final
2023-06-15 10:54:47 [main] INFO  c.o.d.DeskbookUserServicesApplication -
				Starting DeskbookUserServicesApplication using Java 17.0.5 with PID 9684 (C:\Users\preet.patel\eclipse-workspace\Desk-Book\deskbook-java-service-Develop\target\classes started by preet.patel in C:\Users\preet.patel\eclipse-workspace\Desk-Book\deskbook-java-service-Develop)
2023-06-15 10:54:47 [main] INFO  c.o.d.DeskbookUserServicesApplication -
				The following 1 profile is active: "local"
2023-06-15 10:54:49 [main] INFO  o.s.d.r.c.RepositoryConfigurationDelegate -
				Bootstrapping Spring Data JPA repositories in DEFAULT mode.
2023-06-15 10:54:49 [main] INFO  o.s.d.r.c.RepositoryConfigurationDelegate -
				Finished Spring Data repository scanning in 244 ms. Found 11 JPA repository interfaces.
2023-06-15 10:54:51 [main] INFO  o.s.b.w.e.tomcat.TomcatWebServer -
				Tomcat initialized with port(s): 9443 (http)
2023-06-15 10:54:51 [main] INFO  o.a.coyote.http11.Http11NioProtocol -
				Initializing ProtocolHandler ["http-nio-9443"]
2023-06-15 10:54:51 [main] INFO  o.a.catalina.core.StandardService -
				Starting service [Tomcat]
2023-06-15 10:54:51 [main] INFO  o.a.catalina.core.StandardEngine -
				Starting Servlet engine: [Apache Tomcat/10.1.7]
2023-06-15 10:54:52 [main] INFO  o.a.c.c.C.[Tomcat].[localhost].[/] -
				Initializing Spring embedded WebApplicationContext
2023-06-15 10:54:52 [main] INFO  o.s.b.w.s.c.ServletWebServerApplicationContext -
				Root WebApplicationContext: initialization completed in 4591 ms
2023-06-15 10:54:52 [main] INFO  o.h.jpa.internal.util.LogHelper -
				HHH000204: Processing PersistenceUnitInfo [name: default]
2023-06-15 10:54:52 [main] INFO  org.hibernate.Version -
				HHH000412: Hibernate ORM core version 6.1.7.Final
2023-06-15 10:54:53 [main] INFO  com.zaxxer.hikari.HikariDataSource -
				HikariPool-1 - Starting...
2023-06-15 10:54:53 [main] INFO  com.zaxxer.hikari.pool.HikariPool -
				HikariPool-1 - Added connection ConnectionID:1 ClientConnectionId: ddcdbfaf-f4aa-4cf3-a1a5-eb2e69cb6a2f
2023-06-15 10:54:53 [main] INFO  com.zaxxer.hikari.HikariDataSource -
				HikariPool-1 - Start completed.
2023-06-15 10:54:53 [main] INFO  SQL dialect -
				HHH000400: Using dialect: org.hibernate.dialect.SQLServerDialect
2023-06-15 10:54:56 [main] INFO  o.h.e.t.j.p.i.JtaPlatformInitiator -
				HHH000490: Using JtaPlatform implementation: [org.hibernate.engine.transaction.jta.platform.internal.NoJtaPlatform]
2023-06-15 10:54:56 [main] INFO  o.s.o.j.LocalContainerEntityManagerFactoryBean -
				Initialized JPA EntityManagerFactory for persistence unit 'default'
2023-06-15 10:55:00 [main] WARN  o.s.b.a.o.j.JpaBaseConfiguration$JpaWebConfiguration -
				spring.jpa.open-in-view is enabled by default. Therefore, database queries may be performed during view rendering. Explicitly configure spring.jpa.open-in-view to disable this warning
2023-06-15 10:55:03 [main] INFO  o.s.s.web.DefaultSecurityFilterChain -
				Will secure any request with [org.springframework.security.web.session.DisableEncodeUrlFilter@4c55d3ce, org.springframework.security.web.context.request.async.WebAsyncManagerIntegrationFilter@3bafa95b, org.springframework.security.web.context.SecurityContextHolderFilter@5f45abe6, org.springframework.security.web.header.HeaderWriterFilter@392a091, org.springframework.web.filter.CorsFilter@6bbcb69f, org.springframework.security.web.authentication.logout.LogoutFilter@48c63936, org.springframework.security.oauth2.server.resource.web.authentication.BearerTokenAuthenticationFilter@349c9bfa, org.springframework.security.web.savedrequest.RequestCacheAwareFilter@1928dc66, org.springframework.security.web.servletapi.SecurityContextHolderAwareRequestFilter@7180b25f, org.springframework.security.web.authentication.AnonymousAuthenticationFilter@31360632, org.springframework.security.web.access.ExceptionTranslationFilter@1228a579, org.springframework.security.web.access.intercept.AuthorizationFilter@77bca6d6]
2023-06-15 10:55:03 [main] INFO  o.a.coyote.http11.Http11NioProtocol -
				Starting ProtocolHandler ["http-nio-9443"]
2023-06-15 10:55:03 [main] INFO  o.s.b.w.e.tomcat.TomcatWebServer -
				Tomcat started on port(s): 9443 (http) with context path ''
2023-06-15 10:55:03 [main] INFO  c.o.d.DeskbookUserServicesApplication -
				Started DeskbookUserServicesApplication in 17.352 seconds (process running for 18.447)
2023-06-15 10:55:04 [http-nio-9443-exec-2] INFO  o.a.c.c.C.[Tomcat].[localhost].[/] -
				Initializing Spring DispatcherServlet 'dispatcherServlet'
2023-06-15 10:55:04 [http-nio-9443-exec-2] INFO  o.s.web.servlet.DispatcherServlet -
				Initializing Servlet 'dispatcherServlet'
2023-06-15 10:55:04 [http-nio-9443-exec-2] INFO  o.s.web.servlet.DispatcherServlet -
				Completed initialization in 2 ms
2023-06-15 11:28:37 [background-preinit] INFO  o.h.validator.internal.util.Version -
				HV000001: Hibernate Validator 8.0.0.Final
2023-06-15 11:28:37 [main] INFO  c.o.d.DeskbookUserServicesApplication -
				Starting DeskbookUserServicesApplication using Java 17.0.5 with PID 3832 (C:\Users\preet.patel\eclipse-workspace\Desk-Book\deskbook-java-service-Develop\target\classes started by preet.patel in C:\Users\preet.patel\eclipse-workspace\Desk-Book\deskbook-java-service-Develop)
2023-06-15 11:28:37 [main] INFO  c.o.d.DeskbookUserServicesApplication -
				The following 1 profile is active: "local"
2023-06-15 11:28:40 [main] INFO  o.s.d.r.c.RepositoryConfigurationDelegate -
				Bootstrapping Spring Data JPA repositories in DEFAULT mode.
2023-06-15 11:28:41 [main] INFO  o.s.d.r.c.RepositoryConfigurationDelegate -
				Finished Spring Data repository scanning in 431 ms. Found 11 JPA repository interfaces.
2023-06-15 11:28:43 [main] INFO  o.s.b.w.e.tomcat.TomcatWebServer -
				Tomcat initialized with port(s): 9443 (http)
2023-06-15 11:28:43 [main] INFO  o.a.coyote.http11.Http11NioProtocol -
				Initializing ProtocolHandler ["http-nio-9443"]
2023-06-15 11:28:43 [main] INFO  o.a.catalina.core.StandardService -
				Starting service [Tomcat]
2023-06-15 11:28:43 [main] INFO  o.a.catalina.core.StandardEngine -
				Starting Servlet engine: [Apache Tomcat/10.1.7]
2023-06-15 11:28:43 [main] INFO  o.a.c.c.C.[Tomcat].[localhost].[/] -
				Initializing Spring embedded WebApplicationContext
2023-06-15 11:28:43 [main] INFO  o.s.b.w.s.c.ServletWebServerApplicationContext -
				Root WebApplicationContext: initialization completed in 5893 ms
2023-06-15 11:28:43 [main] INFO  o.h.jpa.internal.util.LogHelper -
				HHH000204: Processing PersistenceUnitInfo [name: default]
2023-06-15 11:28:44 [main] INFO  org.hibernate.Version -
				HHH000412: Hibernate ORM core version 6.1.7.Final
2023-06-15 11:28:44 [main] INFO  com.zaxxer.hikari.HikariDataSource -
				HikariPool-1 - Starting...
2023-06-15 11:28:45 [main] INFO  com.zaxxer.hikari.pool.HikariPool -
				HikariPool-1 - Added connection ConnectionID:1 ClientConnectionId: 05e7c9e5-eef4-4845-82af-a10a70e37889
2023-06-15 11:28:45 [main] INFO  com.zaxxer.hikari.HikariDataSource -
				HikariPool-1 - Start completed.
2023-06-15 11:28:45 [main] INFO  SQL dialect -
				HHH000400: Using dialect: org.hibernate.dialect.SQLServerDialect
2023-06-15 11:28:47 [main] INFO  o.h.e.t.j.p.i.JtaPlatformInitiator -
				HHH000490: Using JtaPlatform implementation: [org.hibernate.engine.transaction.jta.platform.internal.NoJtaPlatform]
2023-06-15 11:28:47 [main] INFO  o.s.o.j.LocalContainerEntityManagerFactoryBean -
				Initialized JPA EntityManagerFactory for persistence unit 'default'
2023-06-15 11:28:51 [main] WARN  o.s.b.a.o.j.JpaBaseConfiguration$JpaWebConfiguration -
				spring.jpa.open-in-view is enabled by default. Therefore, database queries may be performed during view rendering. Explicitly configure spring.jpa.open-in-view to disable this warning
2023-06-15 11:28:54 [main] INFO  o.s.s.web.DefaultSecurityFilterChain -
				Will secure any request with [org.springframework.security.web.session.DisableEncodeUrlFilter@65f68e96, org.springframework.security.web.context.request.async.WebAsyncManagerIntegrationFilter@37cc1b11, org.springframework.security.web.context.SecurityContextHolderFilter@243deb3f, org.springframework.security.web.header.HeaderWriterFilter@379899f4, org.springframework.web.filter.CorsFilter@4f549906, org.springframework.security.web.authentication.logout.LogoutFilter@1228a579, org.springframework.security.oauth2.server.resource.web.authentication.BearerTokenAuthenticationFilter@7dc0b40a, org.springframework.security.web.savedrequest.RequestCacheAwareFilter@38a147ba, org.springframework.security.web.servletapi.SecurityContextHolderAwareRequestFilter@32549c2d, org.springframework.security.web.authentication.AnonymousAuthenticationFilter@634cd45c, org.springframework.security.web.access.ExceptionTranslationFilter@63eebb56, org.springframework.security.web.access.intercept.AuthorizationFilter@4d768435]
2023-06-15 11:28:54 [main] INFO  o.a.coyote.http11.Http11NioProtocol -
				Starting ProtocolHandler ["http-nio-9443"]
2023-06-15 11:28:54 [main] INFO  o.s.b.w.e.tomcat.TomcatWebServer -
				Tomcat started on port(s): 9443 (http) with context path ''
2023-06-15 11:28:54 [main] INFO  c.o.d.DeskbookUserServicesApplication -
				Started DeskbookUserServicesApplication in 18.344 seconds (process running for 19.725)
2023-06-15 11:34:15 [http-nio-9443-exec-2] INFO  o.a.c.c.C.[Tomcat].[localhost].[/] -
				Initializing Spring DispatcherServlet 'dispatcherServlet'
2023-06-15 11:34:15 [http-nio-9443-exec-2] INFO  o.s.web.servlet.DispatcherServlet -
				Initializing Servlet 'dispatcherServlet'
2023-06-15 11:34:15 [http-nio-9443-exec-2] INFO  o.s.web.servlet.DispatcherServlet -
				Completed initialization in 4 ms
2023-06-15 11:57:29 [background-preinit] INFO  o.h.validator.internal.util.Version -
				HV000001: Hibernate Validator 8.0.0.Final
2023-06-15 11:57:29 [main] INFO  c.o.d.DeskbookUserServicesApplication -
				Starting DeskbookUserServicesApplication using Java 17.0.5 with PID 6160 (C:\Users\preet.patel\eclipse-workspace\Desk-Book\deskbook-java-service-Develop\target\classes started by preet.patel in C:\Users\preet.patel\eclipse-workspace\Desk-Book\deskbook-java-service-Develop)
2023-06-15 11:57:29 [main] INFO  c.o.d.DeskbookUserServicesApplication -
				The following 1 profile is active: "local"
2023-06-15 11:57:32 [main] INFO  o.s.d.r.c.RepositoryConfigurationDelegate -
				Bootstrapping Spring Data JPA repositories in DEFAULT mode.
2023-06-15 11:57:32 [main] INFO  o.s.d.r.c.RepositoryConfigurationDelegate -
				Finished Spring Data repository scanning in 182 ms. Found 11 JPA repository interfaces.
2023-06-15 11:57:33 [main] INFO  o.s.b.w.e.tomcat.TomcatWebServer -
				Tomcat initialized with port(s): 9443 (http)
2023-06-15 11:57:33 [main] INFO  o.a.coyote.http11.Http11NioProtocol -
				Initializing ProtocolHandler ["http-nio-9443"]
2023-06-15 11:57:33 [main] INFO  o.a.catalina.core.StandardService -
				Starting service [Tomcat]
2023-06-15 11:57:33 [main] INFO  o.a.catalina.core.StandardEngine -
				Starting Servlet engine: [Apache Tomcat/10.1.7]
2023-06-15 11:57:34 [main] INFO  o.a.c.c.C.[Tomcat].[localhost].[/] -
				Initializing Spring embedded WebApplicationContext
2023-06-15 11:57:34 [main] INFO  o.s.b.w.s.c.ServletWebServerApplicationContext -
				Root WebApplicationContext: initialization completed in 3967 ms
2023-06-15 11:57:34 [main] INFO  o.h.jpa.internal.util.LogHelper -
				HHH000204: Processing PersistenceUnitInfo [name: default]
2023-06-15 11:57:34 [main] INFO  org.hibernate.Version -
				HHH000412: Hibernate ORM core version 6.1.7.Final
2023-06-15 11:57:35 [main] INFO  com.zaxxer.hikari.HikariDataSource -
				HikariPool-1 - Starting...
2023-06-15 11:57:36 [main] INFO  com.zaxxer.hikari.pool.HikariPool -
				HikariPool-1 - Added connection ConnectionID:1 ClientConnectionId: 9aa82aa6-8352-4bbe-8754-e280d7dc9af3
2023-06-15 11:57:36 [main] INFO  com.zaxxer.hikari.HikariDataSource -
				HikariPool-1 - Start completed.
2023-06-15 11:57:36 [main] INFO  SQL dialect -
				HHH000400: Using dialect: org.hibernate.dialect.SQLServerDialect
2023-06-15 11:57:38 [main] INFO  o.h.e.t.j.p.i.JtaPlatformInitiator -
				HHH000490: Using JtaPlatform implementation: [org.hibernate.engine.transaction.jta.platform.internal.NoJtaPlatform]
2023-06-15 11:57:38 [main] INFO  o.s.o.j.LocalContainerEntityManagerFactoryBean -
				Initialized JPA EntityManagerFactory for persistence unit 'default'
2023-06-15 11:57:41 [main] WARN  o.s.b.a.o.j.JpaBaseConfiguration$JpaWebConfiguration -
				spring.jpa.open-in-view is enabled by default. Therefore, database queries may be performed during view rendering. Explicitly configure spring.jpa.open-in-view to disable this warning
2023-06-15 11:57:43 [main] INFO  o.s.s.web.DefaultSecurityFilterChain -
				Will secure any request with [org.springframework.security.web.session.DisableEncodeUrlFilter@349c9bfa, org.springframework.security.web.context.request.async.WebAsyncManagerIntegrationFilter@1479c527, org.springframework.security.web.context.SecurityContextHolderFilter@384d0e1f, org.springframework.security.web.header.HeaderWriterFilter@1228a579, org.springframework.web.filter.CorsFilter@4c55d3ce, org.springframework.security.web.authentication.logout.LogoutFilter@105f875f, org.springframework.security.oauth2.server.resource.web.authentication.BearerTokenAuthenticationFilter@7af45006, org.springframework.security.web.savedrequest.RequestCacheAwareFilter@5f45abe6, org.springframework.security.web.servletapi.SecurityContextHolderAwareRequestFilter@4fc50fee, org.springframework.security.web.authentication.AnonymousAuthenticationFilter@3bafa95b, org.springframework.security.web.access.ExceptionTranslationFilter@3118a, org.springframework.security.web.access.intercept.AuthorizationFilter@7b6bcbee]
2023-06-15 11:57:44 [main] INFO  o.a.coyote.http11.Http11NioProtocol -
				Starting ProtocolHandler ["http-nio-9443"]
2023-06-15 11:57:44 [main] WARN  o.s.b.w.s.c.AnnotationConfigServletWebServerApplicationContext -
				Exception encountered during context initialization - cancelling refresh attempt: org.springframework.context.ApplicationContextException: Failed to start bean 'webServerStartStop'
2023-06-15 11:57:44 [main] INFO  o.s.o.j.LocalContainerEntityManagerFactoryBean -
				Closing JPA EntityManagerFactory for persistence unit 'default'
2023-06-15 11:57:44 [main] INFO  com.zaxxer.hikari.HikariDataSource -
				HikariPool-1 - Shutdown initiated...
2023-06-15 11:57:44 [main] INFO  com.zaxxer.hikari.HikariDataSource -
				HikariPool-1 - Shutdown completed.
2023-06-15 11:57:44 [main] INFO  o.a.coyote.http11.Http11NioProtocol -
				Pausing ProtocolHandler ["http-nio-9443"]
2023-06-15 11:57:44 [main] INFO  o.a.catalina.core.StandardService -
				Stopping service [Tomcat]
2023-06-15 11:57:44 [main] INFO  o.a.coyote.http11.Http11NioProtocol -
				Stopping ProtocolHandler ["http-nio-9443"]
2023-06-15 11:57:44 [main] INFO  o.a.coyote.http11.Http11NioProtocol -
				Destroying ProtocolHandler ["http-nio-9443"]
2023-06-15 11:57:44 [main] INFO  o.s.b.a.l.ConditionEvaluationReportLogger -
				

Error starting ApplicationContext. To display the condition evaluation report re-run your application with 'debug' enabled.
2023-06-15 11:57:44 [main] ERROR o.s.b.d.LoggingFailureAnalysisReporter -
				

***************************
APPLICATION FAILED TO START
***************************

Description:

Web server failed to start. Port 9443 was already in use.

Action:

Identify and stop the process that's listening on port 9443 or configure this application to listen on another port.

2023-06-15 12:21:26 [background-preinit] INFO  o.h.validator.internal.util.Version -
				HV000001: Hibernate Validator 8.0.0.Final
2023-06-15 12:21:26 [main] INFO  c.o.d.DeskbookUserServicesApplication -
				Starting DeskbookUserServicesApplication using Java 17.0.5 with PID 2084 (C:\Users\preet.patel\eclipse-workspace\Desk-Book\deskbook-java-service-Develop\target\classes started by preet.patel in C:\Users\preet.patel\eclipse-workspace\Desk-Book\deskbook-java-service-Develop)
2023-06-15 12:21:26 [main] INFO  c.o.d.DeskbookUserServicesApplication -
				The following 1 profile is active: "local"
2023-06-15 12:21:28 [main] INFO  o.s.d.r.c.RepositoryConfigurationDelegate -
				Bootstrapping Spring Data JPA repositories in DEFAULT mode.
2023-06-15 12:21:28 [main] INFO  o.s.d.r.c.RepositoryConfigurationDelegate -
				Finished Spring Data repository scanning in 201 ms. Found 11 JPA repository interfaces.
2023-06-15 12:21:29 [main] INFO  o.s.b.w.e.tomcat.TomcatWebServer -
				Tomcat initialized with port(s): 9443 (http)
2023-06-15 12:21:30 [main] INFO  o.a.coyote.http11.Http11NioProtocol -
				Initializing ProtocolHandler ["http-nio-9443"]
2023-06-15 12:21:30 [main] INFO  o.a.catalina.core.StandardService -
				Starting service [Tomcat]
2023-06-15 12:21:30 [main] INFO  o.a.catalina.core.StandardEngine -
				Starting Servlet engine: [Apache Tomcat/10.1.7]
2023-06-15 12:21:30 [main] INFO  o.a.c.c.C.[Tomcat].[localhost].[/] -
				Initializing Spring embedded WebApplicationContext
2023-06-15 12:21:30 [main] INFO  o.s.b.w.s.c.ServletWebServerApplicationContext -
				Root WebApplicationContext: initialization completed in 3694 ms
2023-06-15 12:21:30 [main] INFO  o.h.jpa.internal.util.LogHelper -
				HHH000204: Processing PersistenceUnitInfo [name: default]
2023-06-15 12:21:30 [main] INFO  org.hibernate.Version -
				HHH000412: Hibernate ORM core version 6.1.7.Final
2023-06-15 12:21:31 [main] INFO  com.zaxxer.hikari.HikariDataSource -
				HikariPool-1 - Starting...
2023-06-15 12:21:31 [main] INFO  com.zaxxer.hikari.pool.HikariPool -
				HikariPool-1 - Added connection ConnectionID:1 ClientConnectionId: 575ace46-ccc3-40d9-9c20-febc2b10f0df
2023-06-15 12:21:31 [main] INFO  com.zaxxer.hikari.HikariDataSource -
				HikariPool-1 - Start completed.
2023-06-15 12:21:32 [main] INFO  SQL dialect -
				HHH000400: Using dialect: org.hibernate.dialect.SQLServerDialect
2023-06-15 12:21:34 [main] INFO  o.h.e.t.j.p.i.JtaPlatformInitiator -
				HHH000490: Using JtaPlatform implementation: [org.hibernate.engine.transaction.jta.platform.internal.NoJtaPlatform]
2023-06-15 12:21:34 [main] INFO  o.s.o.j.LocalContainerEntityManagerFactoryBean -
				Initialized JPA EntityManagerFactory for persistence unit 'default'
2023-06-15 12:21:37 [main] WARN  o.s.b.a.o.j.JpaBaseConfiguration$JpaWebConfiguration -
				spring.jpa.open-in-view is enabled by default. Therefore, database queries may be performed during view rendering. Explicitly configure spring.jpa.open-in-view to disable this warning
2023-06-15 12:21:39 [main] INFO  o.s.s.web.DefaultSecurityFilterChain -
				Will secure any request with [org.springframework.security.web.session.DisableEncodeUrlFilter@4c55d3ce, org.springframework.security.web.context.request.async.WebAsyncManagerIntegrationFilter@3bafa95b, org.springframework.security.web.context.SecurityContextHolderFilter@5f45abe6, org.springframework.security.web.header.HeaderWriterFilter@392a091, org.springframework.web.filter.CorsFilter@6bbcb69f, org.springframework.security.web.authentication.logout.LogoutFilter@48c63936, org.springframework.security.oauth2.server.resource.web.authentication.BearerTokenAuthenticationFilter@349c9bfa, org.springframework.security.web.savedrequest.RequestCacheAwareFilter@1928dc66, org.springframework.security.web.servletapi.SecurityContextHolderAwareRequestFilter@7180b25f, org.springframework.security.web.authentication.AnonymousAuthenticationFilter@31360632, org.springframework.security.web.access.ExceptionTranslationFilter@1228a579, org.springframework.security.web.access.intercept.AuthorizationFilter@77bca6d6]
2023-06-15 12:21:40 [main] INFO  o.a.coyote.http11.Http11NioProtocol -
				Starting ProtocolHandler ["http-nio-9443"]
2023-06-15 12:21:40 [main] WARN  o.s.b.w.s.c.AnnotationConfigServletWebServerApplicationContext -
				Exception encountered during context initialization - cancelling refresh attempt: org.springframework.context.ApplicationContextException: Failed to start bean 'webServerStartStop'
2023-06-15 12:21:40 [main] INFO  o.s.o.j.LocalContainerEntityManagerFactoryBean -
				Closing JPA EntityManagerFactory for persistence unit 'default'
2023-06-15 12:21:40 [main] INFO  com.zaxxer.hikari.HikariDataSource -
				HikariPool-1 - Shutdown initiated...
2023-06-15 12:21:40 [main] INFO  com.zaxxer.hikari.HikariDataSource -
				HikariPool-1 - Shutdown completed.
2023-06-15 12:21:40 [main] INFO  o.a.coyote.http11.Http11NioProtocol -
				Pausing ProtocolHandler ["http-nio-9443"]
2023-06-15 12:21:40 [main] INFO  o.a.catalina.core.StandardService -
				Stopping service [Tomcat]
2023-06-15 12:21:40 [main] INFO  o.a.coyote.http11.Http11NioProtocol -
				Stopping ProtocolHandler ["http-nio-9443"]
2023-06-15 12:21:40 [main] INFO  o.a.coyote.http11.Http11NioProtocol -
				Destroying ProtocolHandler ["http-nio-9443"]
2023-06-15 12:21:40 [main] INFO  o.s.b.a.l.ConditionEvaluationReportLogger -
				

Error starting ApplicationContext. To display the condition evaluation report re-run your application with 'debug' enabled.
2023-06-15 12:21:40 [main] ERROR o.s.b.d.LoggingFailureAnalysisReporter -
				

***************************
APPLICATION FAILED TO START
***************************

Description:

Web server failed to start. Port 9443 was already in use.

Action:

Identify and stop the process that's listening on port 9443 or configure this application to listen on another port.

2023-06-15 12:22:01 [background-preinit] INFO  o.h.validator.internal.util.Version -
				HV000001: Hibernate Validator 8.0.0.Final
2023-06-15 12:22:01 [main] INFO  c.o.d.DeskbookUserServicesApplication -
				Starting DeskbookUserServicesApplication using Java 17.0.5 with PID 9888 (C:\Users\preet.patel\eclipse-workspace\Desk-Book\deskbook-java-service-Develop\target\classes started by preet.patel in C:\Users\preet.patel\eclipse-workspace\Desk-Book\deskbook-java-service-Develop)
2023-06-15 12:22:01 [main] INFO  c.o.d.DeskbookUserServicesApplication -
				The following 1 profile is active: "local"
2023-06-15 12:22:03 [main] INFO  o.s.d.r.c.RepositoryConfigurationDelegate -
				Bootstrapping Spring Data JPA repositories in DEFAULT mode.
2023-06-15 12:22:03 [main] INFO  o.s.d.r.c.RepositoryConfigurationDelegate -
				Finished Spring Data repository scanning in 179 ms. Found 11 JPA repository interfaces.
2023-06-15 12:22:05 [main] INFO  o.s.b.w.e.tomcat.TomcatWebServer -
				Tomcat initialized with port(s): 9443 (http)
2023-06-15 12:22:05 [main] INFO  o.a.coyote.http11.Http11NioProtocol -
				Initializing ProtocolHandler ["http-nio-9443"]
2023-06-15 12:22:05 [main] INFO  o.a.catalina.core.StandardService -
				Starting service [Tomcat]
2023-06-15 12:22:05 [main] INFO  o.a.catalina.core.StandardEngine -
				Starting Servlet engine: [Apache Tomcat/10.1.7]
2023-06-15 12:22:05 [main] INFO  o.a.c.c.C.[Tomcat].[localhost].[/] -
				Initializing Spring embedded WebApplicationContext
2023-06-15 12:22:05 [main] INFO  o.s.b.w.s.c.ServletWebServerApplicationContext -
				Root WebApplicationContext: initialization completed in 3536 ms
2023-06-15 12:22:05 [main] INFO  o.h.jpa.internal.util.LogHelper -
				HHH000204: Processing PersistenceUnitInfo [name: default]
2023-06-15 12:22:05 [main] INFO  org.hibernate.Version -
				HHH000412: Hibernate ORM core version 6.1.7.Final
2023-06-15 12:22:06 [main] INFO  com.zaxxer.hikari.HikariDataSource -
				HikariPool-1 - Starting...
2023-06-15 12:22:06 [main] INFO  com.zaxxer.hikari.pool.HikariPool -
				HikariPool-1 - Added connection ConnectionID:1 ClientConnectionId: 4e663e0d-5b7a-4d79-80b2-b7e402f5b5c6
2023-06-15 12:22:06 [main] INFO  com.zaxxer.hikari.HikariDataSource -
				HikariPool-1 - Start completed.
2023-06-15 12:22:06 [main] INFO  SQL dialect -
				HHH000400: Using dialect: org.hibernate.dialect.SQLServerDialect
2023-06-15 12:22:09 [main] INFO  o.h.e.t.j.p.i.JtaPlatformInitiator -
				HHH000490: Using JtaPlatform implementation: [org.hibernate.engine.transaction.jta.platform.internal.NoJtaPlatform]
2023-06-15 12:22:09 [main] INFO  o.s.o.j.LocalContainerEntityManagerFactoryBean -
				Initialized JPA EntityManagerFactory for persistence unit 'default'
2023-06-15 12:22:12 [main] WARN  o.s.b.a.o.j.JpaBaseConfiguration$JpaWebConfiguration -
				spring.jpa.open-in-view is enabled by default. Therefore, database queries may be performed during view rendering. Explicitly configure spring.jpa.open-in-view to disable this warning
2023-06-15 12:22:15 [main] INFO  o.s.s.web.DefaultSecurityFilterChain -
				Will secure any request with [org.springframework.security.web.session.DisableEncodeUrlFilter@49e69196, org.springframework.security.web.context.request.async.WebAsyncManagerIntegrationFilter@76e51181, org.springframework.security.web.context.SecurityContextHolderFilter@5a49c1e, org.springframework.security.web.header.HeaderWriterFilter@3c1fe350, org.springframework.web.filter.CorsFilter@68178281, org.springframework.security.web.authentication.logout.LogoutFilter@36f291c7, org.springframework.security.oauth2.server.resource.web.authentication.BearerTokenAuthenticationFilter@3625093d, org.springframework.security.web.savedrequest.RequestCacheAwareFilter@54539319, org.springframework.security.web.servletapi.SecurityContextHolderAwareRequestFilter@6b13f456, org.springframework.security.web.authentication.AnonymousAuthenticationFilter@1f4c7fd9, org.springframework.security.web.access.ExceptionTranslationFilter@7a506493, org.springframework.security.web.access.intercept.AuthorizationFilter@1b856d2a]
2023-06-15 12:22:15 [main] INFO  o.a.coyote.http11.Http11NioProtocol -
				Starting ProtocolHandler ["http-nio-9443"]
2023-06-15 12:22:15 [main] INFO  o.s.b.w.e.tomcat.TomcatWebServer -
				Tomcat started on port(s): 9443 (http) with context path ''
2023-06-15 12:22:15 [main] INFO  c.o.d.DeskbookUserServicesApplication -
				Started DeskbookUserServicesApplication in 14.722 seconds (process running for 15.939)
2023-06-15 12:22:23 [http-nio-9443-exec-1] INFO  o.a.c.c.C.[Tomcat].[localhost].[/] -
				Initializing Spring DispatcherServlet 'dispatcherServlet'
2023-06-15 12:22:23 [http-nio-9443-exec-1] INFO  o.s.web.servlet.DispatcherServlet -
				Initializing Servlet 'dispatcherServlet'
2023-06-15 12:22:23 [http-nio-9443-exec-1] INFO  o.s.web.servlet.DispatcherServlet -
				Completed initialization in 2 ms
2023-06-15 12:50:10 [http-nio-9443-exec-2] ERROR c.o.d.controllers.CityController -
				Preet is great
2023-06-15 12:50:10 [http-nio-9443-exec-2] ERROR c.o.d.controllers.CityController -
				An error occurred in getCities: / by zero
2023-06-15 13:03:41 [background-preinit] INFO  o.h.validator.internal.util.Version -
				HV000001: Hibernate Validator 8.0.0.Final
2023-06-15 13:03:41 [main] INFO  c.o.d.DeskbookUserServicesApplication -
				Starting DeskbookUserServicesApplication using Java 17.0.5 with PID 10344 (C:\Users\preet.patel\eclipse-workspace\Desk-Book\deskbook-java-service-Develop\target\classes started by preet.patel in C:\Users\preet.patel\eclipse-workspace\Desk-Book\deskbook-java-service-Develop)
2023-06-15 13:03:41 [main] INFO  c.o.d.DeskbookUserServicesApplication -
				The following 1 profile is active: "local"
2023-06-15 13:03:43 [main] INFO  o.s.d.r.c.RepositoryConfigurationDelegate -
				Bootstrapping Spring Data JPA repositories in DEFAULT mode.
2023-06-15 13:03:43 [main] INFO  o.s.d.r.c.RepositoryConfigurationDelegate -
				Finished Spring Data repository scanning in 179 ms. Found 11 JPA repository interfaces.
2023-06-15 13:03:45 [main] INFO  o.s.b.w.e.tomcat.TomcatWebServer -
				Tomcat initialized with port(s): 9443 (http)
2023-06-15 13:03:45 [main] INFO  o.a.coyote.http11.Http11NioProtocol -
				Initializing ProtocolHandler ["http-nio-9443"]
2023-06-15 13:03:45 [main] INFO  o.a.catalina.core.StandardService -
				Starting service [Tomcat]
2023-06-15 13:03:45 [main] INFO  o.a.catalina.core.StandardEngine -
				Starting Servlet engine: [Apache Tomcat/10.1.7]
2023-06-15 13:03:45 [main] INFO  o.a.c.c.C.[Tomcat].[localhost].[/] -
				Initializing Spring embedded WebApplicationContext
2023-06-15 13:03:45 [main] INFO  o.s.b.w.s.c.ServletWebServerApplicationContext -
				Root WebApplicationContext: initialization completed in 3676 ms
2023-06-15 13:03:45 [main] INFO  o.h.jpa.internal.util.LogHelper -
				HHH000204: Processing PersistenceUnitInfo [name: default]
2023-06-15 13:03:45 [main] INFO  org.hibernate.Version -
				HHH000412: Hibernate ORM core version 6.1.7.Final
2023-06-15 13:03:46 [main] INFO  com.zaxxer.hikari.HikariDataSource -
				HikariPool-1 - Starting...
2023-06-15 13:03:46 [main] INFO  com.zaxxer.hikari.pool.HikariPool -
				HikariPool-1 - Added connection ConnectionID:1 ClientConnectionId: a6be36a0-cddf-4f41-8c4a-838a190cb493
2023-06-15 13:03:46 [main] INFO  com.zaxxer.hikari.HikariDataSource -
				HikariPool-1 - Start completed.
2023-06-15 13:03:47 [main] INFO  SQL dialect -
				HHH000400: Using dialect: org.hibernate.dialect.SQLServerDialect
2023-06-15 13:03:49 [main] INFO  o.h.e.t.j.p.i.JtaPlatformInitiator -
				HHH000490: Using JtaPlatform implementation: [org.hibernate.engine.transaction.jta.platform.internal.NoJtaPlatform]
2023-06-15 13:03:49 [main] INFO  o.s.o.j.LocalContainerEntityManagerFactoryBean -
				Initialized JPA EntityManagerFactory for persistence unit 'default'
2023-06-15 13:03:52 [main] WARN  o.s.b.a.o.j.JpaBaseConfiguration$JpaWebConfiguration -
				spring.jpa.open-in-view is enabled by default. Therefore, database queries may be performed during view rendering. Explicitly configure spring.jpa.open-in-view to disable this warning
2023-06-15 13:03:54 [main] INFO  o.s.s.web.DefaultSecurityFilterChain -
				Will secure any request with [org.springframework.security.web.session.DisableEncodeUrlFilter@2f29b7bd, org.springframework.security.web.context.request.async.WebAsyncManagerIntegrationFilter@71c16f67, org.springframework.security.web.context.SecurityContextHolderFilter@63eebb56, org.springframework.security.web.header.HeaderWriterFilter@23106076, org.springframework.web.filter.CorsFilter@47e2a158, org.springframework.security.web.authentication.logout.LogoutFilter@568cc1c5, org.springframework.security.oauth2.server.resource.web.authentication.BearerTokenAuthenticationFilter@68bbd5c2, org.springframework.security.web.savedrequest.RequestCacheAwareFilter@379899f4, org.springframework.security.web.servletapi.SecurityContextHolderAwareRequestFilter@57999175, org.springframework.security.web.authentication.AnonymousAuthenticationFilter@7dc0b40a, org.springframework.security.web.access.ExceptionTranslationFilter@5312c883, org.springframework.security.web.access.intercept.AuthorizationFilter@4fc50fee]
2023-06-15 13:03:54 [main] INFO  o.a.coyote.http11.Http11NioProtocol -
				Starting ProtocolHandler ["http-nio-9443"]
2023-06-15 13:03:54 [main] INFO  o.s.b.w.e.tomcat.TomcatWebServer -
				Tomcat started on port(s): 9443 (http) with context path ''
2023-06-15 13:03:55 [main] INFO  c.o.d.DeskbookUserServicesApplication -
				Started DeskbookUserServicesApplication in 14.338 seconds (process running for 15.448)
2023-06-15 13:04:11 [http-nio-9443-exec-2] INFO  o.a.c.c.C.[Tomcat].[localhost].[/] -
				Initializing Spring DispatcherServlet 'dispatcherServlet'
2023-06-15 13:04:11 [http-nio-9443-exec-2] INFO  o.s.web.servlet.DispatcherServlet -
				Initializing Servlet 'dispatcherServlet'
2023-06-15 13:04:11 [http-nio-9443-exec-2] INFO  o.s.web.servlet.DispatcherServlet -
				Completed initialization in 2 ms
2023-06-15 14:04:54 [HikariPool-1 housekeeper] WARN  com.zaxxer.hikari.pool.HikariPool -
				HikariPool-1 - Thread starvation or clock leap detected (housekeeper delta=5m36s273ms293µs800ns).
2023-06-15 15:15:57 [HikariPool-1 housekeeper] WARN  com.zaxxer.hikari.pool.HikariPool -
				HikariPool-1 - Thread starvation or clock leap detected (housekeeper delta=29m3s233ms273µs500ns).
2023-06-15 17:40:19 [background-preinit] INFO  o.h.validator.internal.util.Version -
				HV000001: Hibernate Validator 8.0.0.Final
2023-06-15 17:40:19 [main] INFO  c.o.d.DeskbookUserServicesApplication -
				Starting DeskbookUserServicesApplication using Java 17.0.5 with PID 12176 (C:\Users\preet.patel\eclipse-workspace\Desk-Book\deskbook-java-service-Develop\target\classes started by preet.patel in C:\Users\preet.patel\eclipse-workspace\Desk-Book\deskbook-java-service-Develop)
2023-06-15 17:40:19 [main] INFO  c.o.d.DeskbookUserServicesApplication -
				The following 1 profile is active: "local"
2023-06-15 17:40:22 [main] INFO  o.s.d.r.c.RepositoryConfigurationDelegate -
				Bootstrapping Spring Data JPA repositories in DEFAULT mode.
2023-06-15 17:40:22 [main] INFO  o.s.d.r.c.RepositoryConfigurationDelegate -
				Finished Spring Data repository scanning in 155 ms. Found 11 JPA repository interfaces.
2023-06-15 17:40:23 [main] INFO  o.s.b.w.e.tomcat.TomcatWebServer -
				Tomcat initialized with port(s): 9443 (http)
2023-06-15 17:40:23 [main] INFO  o.a.coyote.http11.Http11NioProtocol -
				Initializing ProtocolHandler ["http-nio-9443"]
2023-06-15 17:40:23 [main] INFO  o.a.catalina.core.StandardService -
				Starting service [Tomcat]
2023-06-15 17:40:23 [main] INFO  o.a.catalina.core.StandardEngine -
				Starting Servlet engine: [Apache Tomcat/10.1.7]
2023-06-15 17:40:23 [main] INFO  o.a.c.c.C.[Tomcat].[localhost].[/] -
				Initializing Spring embedded WebApplicationContext
2023-06-15 17:40:23 [main] INFO  o.s.b.w.s.c.ServletWebServerApplicationContext -
				Root WebApplicationContext: initialization completed in 4582 ms
2023-06-15 17:40:24 [main] INFO  o.h.jpa.internal.util.LogHelper -
				HHH000204: Processing PersistenceUnitInfo [name: default]
2023-06-15 17:40:24 [main] INFO  org.hibernate.Version -
				HHH000412: Hibernate ORM core version 6.1.7.Final
2023-06-15 17:40:25 [main] INFO  com.zaxxer.hikari.HikariDataSource -
				HikariPool-1 - Starting...
2023-06-15 17:40:25 [main] INFO  com.zaxxer.hikari.pool.HikariPool -
				HikariPool-1 - Added connection ConnectionID:1 ClientConnectionId: 4d6917f4-d901-4d82-9184-82ab8e539652
2023-06-15 17:40:25 [main] INFO  com.zaxxer.hikari.HikariDataSource -
				HikariPool-1 - Start completed.
2023-06-15 17:40:25 [main] INFO  SQL dialect -
				HHH000400: Using dialect: org.hibernate.dialect.SQLServerDialect
2023-06-15 17:40:28 [main] INFO  o.h.e.t.j.p.i.JtaPlatformInitiator -
				HHH000490: Using JtaPlatform implementation: [org.hibernate.engine.transaction.jta.platform.internal.NoJtaPlatform]
2023-06-15 17:40:28 [main] INFO  o.s.o.j.LocalContainerEntityManagerFactoryBean -
				Initialized JPA EntityManagerFactory for persistence unit 'default'
2023-06-15 17:40:31 [main] WARN  o.s.b.a.o.j.JpaBaseConfiguration$JpaWebConfiguration -
				spring.jpa.open-in-view is enabled by default. Therefore, database queries may be performed during view rendering. Explicitly configure spring.jpa.open-in-view to disable this warning
2023-06-15 17:40:33 [main] INFO  o.s.s.web.DefaultSecurityFilterChain -
				Will secure any request with [org.springframework.security.web.session.DisableEncodeUrlFilter@4edd8b5b, org.springframework.security.web.context.request.async.WebAsyncManagerIntegrationFilter@3366a998, org.springframework.security.web.context.SecurityContextHolderFilter@83b0d9f, org.springframework.security.web.header.HeaderWriterFilter@7c4c091a, org.springframework.web.filter.CorsFilter@3c0403a, org.springframework.security.web.authentication.logout.LogoutFilter@49e69196, org.springframework.security.oauth2.server.resource.web.authentication.BearerTokenAuthenticationFilter@6a1b51a7, org.springframework.security.web.savedrequest.RequestCacheAwareFilter@6afed88d, org.springframework.security.web.servletapi.SecurityContextHolderAwareRequestFilter@303c195f, org.springframework.security.web.authentication.AnonymousAuthenticationFilter@5ea206bc, org.springframework.security.web.access.ExceptionTranslationFilter@57f2a68c, org.springframework.security.web.access.intercept.AuthorizationFilter@37cc1b11]
2023-06-15 17:40:34 [main] INFO  o.a.coyote.http11.Http11NioProtocol -
				Starting ProtocolHandler ["http-nio-9443"]
2023-06-15 17:40:34 [main] WARN  o.s.b.w.s.c.AnnotationConfigServletWebServerApplicationContext -
				Exception encountered during context initialization - cancelling refresh attempt: org.springframework.context.ApplicationContextException: Failed to start bean 'webServerStartStop'
2023-06-15 17:40:34 [main] INFO  o.s.o.j.LocalContainerEntityManagerFactoryBean -
				Closing JPA EntityManagerFactory for persistence unit 'default'
2023-06-15 17:40:34 [main] INFO  com.zaxxer.hikari.HikariDataSource -
				HikariPool-1 - Shutdown initiated...
2023-06-15 17:40:34 [main] INFO  com.zaxxer.hikari.HikariDataSource -
				HikariPool-1 - Shutdown completed.
2023-06-15 17:40:34 [main] INFO  o.a.coyote.http11.Http11NioProtocol -
				Pausing ProtocolHandler ["http-nio-9443"]
2023-06-15 17:40:34 [main] INFO  o.a.catalina.core.StandardService -
				Stopping service [Tomcat]
2023-06-15 17:40:34 [main] INFO  o.a.coyote.http11.Http11NioProtocol -
				Stopping ProtocolHandler ["http-nio-9443"]
2023-06-15 17:40:34 [main] INFO  o.a.coyote.http11.Http11NioProtocol -
				Destroying ProtocolHandler ["http-nio-9443"]
2023-06-15 17:40:34 [main] INFO  o.s.b.a.l.ConditionEvaluationReportLogger -
				

Error starting ApplicationContext. To display the condition evaluation report re-run your application with 'debug' enabled.
2023-06-15 17:40:34 [main] ERROR o.s.b.d.LoggingFailureAnalysisReporter -
				

***************************
APPLICATION FAILED TO START
***************************

Description:

Web server failed to start. Port 9443 was already in use.

Action:

Identify and stop the process that's listening on port 9443 or configure this application to listen on another port.

2023-06-15 17:40:57 [background-preinit] INFO  o.h.validator.internal.util.Version -
				HV000001: Hibernate Validator 8.0.0.Final
2023-06-15 17:40:58 [main] INFO  c.o.d.DeskbookUserServicesApplication -
				Starting DeskbookUserServicesApplication using Java 17.0.5 with PID 8176 (C:\Users\preet.patel\eclipse-workspace\Desk-Book\deskbook-java-service-Develop\target\classes started by preet.patel in C:\Users\preet.patel\eclipse-workspace\Desk-Book\deskbook-java-service-Develop)
2023-06-15 17:40:58 [main] INFO  c.o.d.DeskbookUserServicesApplication -
				The following 1 profile is active: "local"
2023-06-15 17:41:00 [main] INFO  o.s.d.r.c.RepositoryConfigurationDelegate -
				Bootstrapping Spring Data JPA repositories in DEFAULT mode.
2023-06-15 17:41:00 [main] INFO  o.s.d.r.c.RepositoryConfigurationDelegate -
				Finished Spring Data repository scanning in 174 ms. Found 11 JPA repository interfaces.
2023-06-15 17:41:01 [main] INFO  o.s.b.w.e.tomcat.TomcatWebServer -
				Tomcat initialized with port(s): 9443 (http)
2023-06-15 17:41:01 [main] INFO  o.a.coyote.http11.Http11NioProtocol -
				Initializing ProtocolHandler ["http-nio-9443"]
2023-06-15 17:41:01 [main] INFO  o.a.catalina.core.StandardService -
				Starting service [Tomcat]
2023-06-15 17:41:01 [main] INFO  o.a.catalina.core.StandardEngine -
				Starting Servlet engine: [Apache Tomcat/10.1.7]
2023-06-15 17:41:01 [main] INFO  o.a.c.c.C.[Tomcat].[localhost].[/] -
				Initializing Spring embedded WebApplicationContext
2023-06-15 17:41:01 [main] INFO  o.s.b.w.s.c.ServletWebServerApplicationContext -
				Root WebApplicationContext: initialization completed in 3609 ms
2023-06-15 17:41:02 [main] INFO  o.h.jpa.internal.util.LogHelper -
				HHH000204: Processing PersistenceUnitInfo [name: default]
2023-06-15 17:41:02 [main] INFO  org.hibernate.Version -
				HHH000412: Hibernate ORM core version 6.1.7.Final
2023-06-15 17:41:02 [main] INFO  com.zaxxer.hikari.HikariDataSource -
				HikariPool-1 - Starting...
2023-06-15 17:41:03 [main] INFO  com.zaxxer.hikari.pool.HikariPool -
				HikariPool-1 - Added connection ConnectionID:1 ClientConnectionId: 99066d73-e3b5-4778-a19c-1c859c005aee
2023-06-15 17:41:03 [main] INFO  com.zaxxer.hikari.HikariDataSource -
				HikariPool-1 - Start completed.
2023-06-15 17:41:03 [main] INFO  SQL dialect -
				HHH000400: Using dialect: org.hibernate.dialect.SQLServerDialect
2023-06-15 17:41:05 [main] INFO  o.h.e.t.j.p.i.JtaPlatformInitiator -
				HHH000490: Using JtaPlatform implementation: [org.hibernate.engine.transaction.jta.platform.internal.NoJtaPlatform]
2023-06-15 17:41:05 [main] INFO  o.s.o.j.LocalContainerEntityManagerFactoryBean -
				Initialized JPA EntityManagerFactory for persistence unit 'default'
2023-06-15 17:41:08 [main] WARN  o.s.b.a.o.j.JpaBaseConfiguration$JpaWebConfiguration -
				spring.jpa.open-in-view is enabled by default. Therefore, database queries may be performed during view rendering. Explicitly configure spring.jpa.open-in-view to disable this warning
2023-06-15 17:41:10 [main] INFO  o.s.s.web.DefaultSecurityFilterChain -
				Will secure any request with [org.springframework.security.web.session.DisableEncodeUrlFilter@392a091, org.springframework.security.web.context.request.async.WebAsyncManagerIntegrationFilter@384d0e1f, org.springframework.security.web.context.SecurityContextHolderFilter@1ae3d0a8, org.springframework.security.web.header.HeaderWriterFilter@262c75a3, org.springframework.web.filter.CorsFilter@6f997702, org.springframework.security.web.authentication.logout.LogoutFilter@563434b4, org.springframework.security.oauth2.server.resource.web.authentication.BearerTokenAuthenticationFilter@1228a579, org.springframework.security.web.savedrequest.RequestCacheAwareFilter@484a91f5, org.springframework.security.web.servletapi.SecurityContextHolderAwareRequestFilter@61b83fef, org.springframework.security.web.authentication.AnonymousAuthenticationFilter@5f45abe6, org.springframework.security.web.access.ExceptionTranslationFilter@49ffd0cb, org.springframework.security.web.access.intercept.AuthorizationFilter@2c1a86e1]
2023-06-15 17:41:11 [main] INFO  o.a.coyote.http11.Http11NioProtocol -
				Starting ProtocolHandler ["http-nio-9443"]
2023-06-15 17:41:11 [main] INFO  o.s.b.w.e.tomcat.TomcatWebServer -
				Tomcat started on port(s): 9443 (http) with context path ''
2023-06-15 17:41:11 [main] INFO  c.o.d.DeskbookUserServicesApplication -
				Started DeskbookUserServicesApplication in 14.193 seconds (process running for 15.374)
2023-06-15 17:41:44 [http-nio-9443-exec-1] INFO  o.a.c.c.C.[Tomcat].[localhost].[/] -
				Initializing Spring DispatcherServlet 'dispatcherServlet'
2023-06-15 17:41:44 [http-nio-9443-exec-1] INFO  o.s.web.servlet.DispatcherServlet -
				Initializing Servlet 'dispatcherServlet'
2023-06-15 17:41:44 [http-nio-9443-exec-1] INFO  o.s.web.servlet.DispatcherServlet -
				Completed initialization in 2 ms
