2023-06-14 16:18:57 [background-preinit] INFO  o.h.validator.internal.util.Version -
				HV000001: Hibernate Validator 8.0.0.Final
2023-06-14 16:18:58 [main] INFO  c.o.d.DeskbookUserServicesApplication -
				Starting DeskbookUserServicesApplication using Java 17.0.5 with PID 11824 (C:\Users\preet.patel\eclipse-workspace\Desk-Book\deskbook-java-service-Develop\target\classes started by preet.patel in C:\Users\preet.patel\eclipse-workspace\Desk-Book\deskbook-java-service-Develop)
2023-06-14 16:18:58 [main] INFO  c.o.d.DeskbookUserServicesApplication -
				The following 1 profile is active: "local"
2023-06-14 16:19:00 [main] INFO  o.s.d.r.c.RepositoryConfigurationDelegate -
				Bootstrapping Spring Data JPA repositories in DEFAULT mode.
2023-06-14 16:19:00 [main] INFO  o.s.d.r.c.RepositoryConfigurationDelegate -
				Finished Spring Data repository scanning in 172 ms. Found 11 JPA repository interfaces.
2023-06-14 16:19:01 [main] INFO  o.s.b.w.e.tomcat.TomcatWebServer -
				Tomcat initialized with port(s): 9443 (http)
2023-06-14 16:19:01 [main] INFO  o.a.coyote.http11.Http11NioProtocol -
				Initializing ProtocolHandler ["http-nio-9443"]
2023-06-14 16:19:01 [main] INFO  o.a.catalina.core.StandardService -
				Starting service [Tomcat]
2023-06-14 16:19:01 [main] INFO  o.a.catalina.core.StandardEngine -
				Starting Servlet engine: [Apache Tomcat/10.1.7]
2023-06-14 16:19:01 [main] INFO  o.a.c.c.C.[Tomcat].[localhost].[/] -
				Initializing Spring embedded WebApplicationContext
2023-06-14 16:19:01 [main] INFO  o.s.b.w.s.c.ServletWebServerApplicationContext -
				Root WebApplicationContext: initialization completed in 3560 ms
2023-06-14 16:19:02 [main] INFO  o.h.jpa.internal.util.LogHelper -
				HHH000204: Processing PersistenceUnitInfo [name: default]
2023-06-14 16:19:02 [main] INFO  org.hibernate.Version -
				HHH000412: Hibernate ORM core version 6.1.7.Final
2023-06-14 16:19:02 [main] INFO  com.zaxxer.hikari.HikariDataSource -
				HikariPool-1 - Starting...
2023-06-14 16:19:03 [main] INFO  com.zaxxer.hikari.pool.HikariPool -
				HikariPool-1 - Added connection ConnectionID:1 ClientConnectionId: fffc1d71-a06a-47d4-b376-29382f63b192
2023-06-14 16:19:03 [main] INFO  com.zaxxer.hikari.HikariDataSource -
				HikariPool-1 - Start completed.
2023-06-14 16:19:03 [main] INFO  SQL dialect -
				HHH000400: Using dialect: org.hibernate.dialect.SQLServerDialect
2023-06-14 16:19:05 [main] INFO  o.h.e.t.j.p.i.JtaPlatformInitiator -
				HHH000490: Using JtaPlatform implementation: [org.hibernate.engine.transaction.jta.platform.internal.NoJtaPlatform]
2023-06-14 16:19:05 [main] INFO  o.s.o.j.LocalContainerEntityManagerFactoryBean -
				Initialized JPA EntityManagerFactory for persistence unit 'default'
2023-06-14 16:19:08 [main] WARN  o.s.b.a.o.j.JpaBaseConfiguration$JpaWebConfiguration -
				spring.jpa.open-in-view is enabled by default. Therefore, database queries may be performed during view rendering. Explicitly configure spring.jpa.open-in-view to disable this warning
2023-06-14 16:19:10 [main] INFO  o.s.s.web.DefaultSecurityFilterChain -
				Will secure any request with [org.springframework.security.web.session.DisableEncodeUrlFilter@40977fab, org.springframework.security.web.context.request.async.WebAsyncManagerIntegrationFilter@326c526a, org.springframework.security.web.context.SecurityContextHolderFilter@1828069a, org.springframework.security.web.header.HeaderWriterFilter@3d3362f5, org.springframework.web.filter.CorsFilter@2094a7be, org.springframework.security.web.authentication.logout.LogoutFilter@72e76649, org.springframework.security.oauth2.server.resource.web.authentication.BearerTokenAuthenticationFilter@2220910, org.springframework.security.web.savedrequest.RequestCacheAwareFilter@2b74787f, org.springframework.security.web.servletapi.SecurityContextHolderAwareRequestFilter@a6a7c4f, org.springframework.security.web.authentication.AnonymousAuthenticationFilter@57f2a68c, org.springframework.security.web.access.ExceptionTranslationFilter@54b48b, org.springframework.security.web.access.intercept.AuthorizationFilter@6b13f456]
2023-06-14 16:19:10 [main] INFO  o.a.coyote.http11.Http11NioProtocol -
				Starting ProtocolHandler ["http-nio-9443"]
2023-06-14 16:19:10 [main] INFO  o.s.b.w.e.tomcat.TomcatWebServer -
				Tomcat started on port(s): 9443 (http) with context path ''
2023-06-14 16:19:11 [main] INFO  c.o.d.DeskbookUserServicesApplication -
				Started DeskbookUserServicesApplication in 13.688 seconds (process running for 14.883)
2023-06-14 16:19:20 [http-nio-9443-exec-1] INFO  o.a.c.c.C.[Tomcat].[localhost].[/] -
				Initializing Spring DispatcherServlet 'dispatcherServlet'
2023-06-14 16:19:20 [http-nio-9443-exec-1] INFO  o.s.web.servlet.DispatcherServlet -
				Initializing Servlet 'dispatcherServlet'
2023-06-14 16:19:20 [http-nio-9443-exec-1] INFO  o.s.web.servlet.DispatcherServlet -
				Completed initialization in 4 ms
2023-06-14 16:49:59 [background-preinit] INFO  o.h.validator.internal.util.Version -
				HV000001: Hibernate Validator 8.0.0.Final
2023-06-14 16:49:59 [main] INFO  c.o.d.DeskbookUserServicesApplication -
				Starting DeskbookUserServicesApplication using Java 17.0.5 with PID 2012 (C:\Users\preet.patel\eclipse-workspace\Desk-Book\deskbook-java-service-Develop\target\classes started by preet.patel in C:\Users\preet.patel\eclipse-workspace\Desk-Book\deskbook-java-service-Develop)
2023-06-14 16:49:59 [main] INFO  c.o.d.DeskbookUserServicesApplication -
				The following 1 profile is active: "local"
2023-06-14 16:50:01 [main] INFO  o.s.d.r.c.RepositoryConfigurationDelegate -
				Bootstrapping Spring Data JPA repositories in DEFAULT mode.
2023-06-14 16:50:01 [main] INFO  o.s.d.r.c.RepositoryConfigurationDelegate -
				Finished Spring Data repository scanning in 166 ms. Found 11 JPA repository interfaces.
2023-06-14 16:50:03 [main] INFO  o.s.b.w.e.tomcat.TomcatWebServer -
				Tomcat initialized with port(s): 9443 (http)
2023-06-14 16:50:03 [main] INFO  o.a.coyote.http11.Http11NioProtocol -
				Initializing ProtocolHandler ["http-nio-9443"]
2023-06-14 16:50:03 [main] INFO  o.a.catalina.core.StandardService -
				Starting service [Tomcat]
2023-06-14 16:50:03 [main] INFO  o.a.catalina.core.StandardEngine -
				Starting Servlet engine: [Apache Tomcat/10.1.7]
2023-06-14 16:50:03 [main] INFO  o.a.c.c.C.[Tomcat].[localhost].[/] -
				Initializing Spring embedded WebApplicationContext
2023-06-14 16:50:03 [main] INFO  o.s.b.w.s.c.ServletWebServerApplicationContext -
				Root WebApplicationContext: initialization completed in 3485 ms
2023-06-14 16:50:03 [main] INFO  o.h.jpa.internal.util.LogHelper -
				HHH000204: Processing PersistenceUnitInfo [name: default]
2023-06-14 16:50:03 [main] INFO  org.hibernate.Version -
				HHH000412: Hibernate ORM core version 6.1.7.Final
2023-06-14 16:50:04 [main] INFO  com.zaxxer.hikari.HikariDataSource -
				HikariPool-1 - Starting...
2023-06-14 16:50:05 [main] INFO  com.zaxxer.hikari.pool.HikariPool -
				HikariPool-1 - Added connection ConnectionID:1 ClientConnectionId: 257cffd2-0368-4fcb-8254-c6ab84e65a64
2023-06-14 16:50:05 [main] INFO  com.zaxxer.hikari.HikariDataSource -
				HikariPool-1 - Start completed.
2023-06-14 16:50:05 [main] INFO  SQL dialect -
				HHH000400: Using dialect: org.hibernate.dialect.SQLServerDialect
2023-06-14 16:50:08 [main] INFO  o.h.e.t.j.p.i.JtaPlatformInitiator -
				HHH000490: Using JtaPlatform implementation: [org.hibernate.engine.transaction.jta.platform.internal.NoJtaPlatform]
2023-06-14 16:50:08 [main] INFO  o.s.o.j.LocalContainerEntityManagerFactoryBean -
				Initialized JPA EntityManagerFactory for persistence unit 'default'
2023-06-14 16:50:12 [main] WARN  o.s.b.a.o.j.JpaBaseConfiguration$JpaWebConfiguration -
				spring.jpa.open-in-view is enabled by default. Therefore, database queries may be performed during view rendering. Explicitly configure spring.jpa.open-in-view to disable this warning
2023-06-14 16:50:16 [main] INFO  o.s.s.web.DefaultSecurityFilterChain -
				Will secure any request with [org.springframework.security.web.session.DisableEncodeUrlFilter@2094a7be, org.springframework.security.web.context.request.async.WebAsyncManagerIntegrationFilter@57f2a68c, org.springframework.security.web.context.SecurityContextHolderFilter@2b74787f, org.springframework.security.web.header.HeaderWriterFilter@3ba468ec, org.springframework.web.filter.CorsFilter@2c63f1fe, org.springframework.security.web.authentication.logout.LogoutFilter@2176d934, org.springframework.security.oauth2.server.resource.web.authentication.BearerTokenAuthenticationFilter@40977fab, org.springframework.security.web.savedrequest.RequestCacheAwareFilter@6b4b5ac8, org.springframework.security.web.servletapi.SecurityContextHolderAwareRequestFilter@7431f4b8, org.springframework.security.web.authentication.AnonymousAuthenticationFilter@7c4c091a, org.springframework.security.web.access.ExceptionTranslationFilter@3d3362f5, org.springframework.security.web.access.intercept.AuthorizationFilter@63eebb56]
2023-06-14 16:50:17 [main] INFO  o.a.coyote.http11.Http11NioProtocol -
				Starting ProtocolHandler ["http-nio-9443"]
2023-06-14 16:50:17 [main] INFO  o.s.b.w.e.tomcat.TomcatWebServer -
				Tomcat started on port(s): 9443 (http) with context path ''
2023-06-14 16:50:17 [main] INFO  c.o.d.DeskbookUserServicesApplication -
				Started DeskbookUserServicesApplication in 18.702 seconds (process running for 19.835)
2023-06-14 16:50:18 [http-nio-9443-exec-2] INFO  o.a.c.c.C.[Tomcat].[localhost].[/] -
				Initializing Spring DispatcherServlet 'dispatcherServlet'
2023-06-14 16:50:18 [http-nio-9443-exec-2] INFO  o.s.web.servlet.DispatcherServlet -
				Initializing Servlet 'dispatcherServlet'
2023-06-14 16:50:18 [http-nio-9443-exec-2] INFO  o.s.web.servlet.DispatcherServlet -
				Completed initialization in 2 ms
