2023-06-15 12:43:30 [main] ERROR o.s.b.d.LoggingFailureAnalysisReporter -
				

***************************
APPLICATION FAILED TO START
***************************

Description:

Web server failed to start. Port 9443 was already in use.

Action:

Identify and stop the process that's listening on port 9443 or configure this application to listen on another port.

2023-06-15 12:44:11 [http-nio-9443-exec-2] ERROR c.o.d.controllers.CityController -
				Preet is great
2023-06-15 12:44:11 [http-nio-9443-exec-2] ERROR c.o.d.controllers.CityController -
				An error occurred in getCities: / by zero
2023-06-15 12:45:57 [background-preinit] INFO  o.h.validator.internal.util.Version -
				HV000001: Hibernate Validator 8.0.0.Final
2023-06-15 12:45:57 [main] INFO  c.o.d.DeskbookUserServicesApplication -
				Starting DeskbookUserServicesApplication using Java 17.0.5 with PID 10112 (C:\Users\preet.patel\eclipse-workspace\Desk-Book\deskbook-java-service-Develop\target\classes started by preet.patel in C:\Users\preet.patel\eclipse-workspace\Desk-Book\deskbook-java-service-Develop)
2023-06-15 12:45:57 [main] INFO  c.o.d.DeskbookUserServicesApplication -
				The following 1 profile is active: "local"
2023-06-15 12:45:59 [main] INFO  o.s.d.r.c.RepositoryConfigurationDelegate -
				Bootstrapping Spring Data JPA repositories in DEFAULT mode.
2023-06-15 12:45:59 [main] INFO  o.s.d.r.c.RepositoryConfigurationDelegate -
				Finished Spring Data repository scanning in 166 ms. Found 11 JPA repository interfaces.
2023-06-15 12:46:00 [main] INFO  o.s.b.w.e.tomcat.TomcatWebServer -
				Tomcat initialized with port(s): 9443 (http)
2023-06-15 12:46:00 [main] INFO  o.a.coyote.http11.Http11NioProtocol -
				Initializing ProtocolHandler ["http-nio-9443"]
2023-06-15 12:46:00 [main] INFO  o.a.catalina.core.StandardService -
				Starting service [Tomcat]
2023-06-15 12:46:00 [main] INFO  o.a.catalina.core.StandardEngine -
				Starting Servlet engine: [Apache Tomcat/10.1.7]
2023-06-15 12:46:01 [main] INFO  o.a.c.c.C.[Tomcat].[localhost].[/] -
				Initializing Spring embedded WebApplicationContext
2023-06-15 12:46:01 [main] INFO  o.s.b.w.s.c.ServletWebServerApplicationContext -
				Root WebApplicationContext: initialization completed in 3594 ms
2023-06-15 12:46:01 [main] INFO  o.h.jpa.internal.util.LogHelper -
				HHH000204: Processing PersistenceUnitInfo [name: default]
2023-06-15 12:46:01 [main] INFO  org.hibernate.Version -
				HHH000412: Hibernate ORM core version 6.1.7.Final
2023-06-15 12:46:02 [main] INFO  com.zaxxer.hikari.HikariDataSource -
				HikariPool-1 - Starting...
2023-06-15 12:46:02 [main] INFO  com.zaxxer.hikari.pool.HikariPool -
				HikariPool-1 - Added connection ConnectionID:1 ClientConnectionId: 9763edab-a3ba-4928-9e27-587c2c90db12
2023-06-15 12:46:02 [main] INFO  com.zaxxer.hikari.HikariDataSource -
				HikariPool-1 - Start completed.
2023-06-15 12:46:02 [main] INFO  SQL dialect -
				HHH000400: Using dialect: org.hibernate.dialect.SQLServerDialect
2023-06-15 12:46:05 [main] INFO  o.h.e.t.j.p.i.JtaPlatformInitiator -
				HHH000490: Using JtaPlatform implementation: [org.hibernate.engine.transaction.jta.platform.internal.NoJtaPlatform]
2023-06-15 12:46:05 [main] INFO  o.s.o.j.LocalContainerEntityManagerFactoryBean -
				Initialized JPA EntityManagerFactory for persistence unit 'default'
2023-06-15 12:46:08 [main] WARN  o.s.b.a.o.j.JpaBaseConfiguration$JpaWebConfiguration -
				spring.jpa.open-in-view is enabled by default. Therefore, database queries may be performed during view rendering. Explicitly configure spring.jpa.open-in-view to disable this warning
2023-06-15 12:46:10 [main] INFO  o.s.s.web.DefaultSecurityFilterChain -
				Will secure any request with [org.springframework.security.web.session.DisableEncodeUrlFilter@6fbfd6ed, org.springframework.security.web.context.request.async.WebAsyncManagerIntegrationFilter@191a3448, org.springframework.security.web.context.SecurityContextHolderFilter@774c6111, org.springframework.security.web.header.HeaderWriterFilter@571ecfe2, org.springframework.web.filter.CorsFilter@3943c449, org.springframework.security.web.authentication.logout.LogoutFilter@37cc1b11, org.springframework.security.oauth2.server.resource.web.authentication.BearerTokenAuthenticationFilter@462ccaa8, org.springframework.security.web.savedrequest.RequestCacheAwareFilter@536e3aab, org.springframework.security.web.servletapi.SecurityContextHolderAwareRequestFilter@1228a579, org.springframework.security.web.authentication.AnonymousAuthenticationFilter@26c09f3f, org.springframework.security.web.access.ExceptionTranslationFilter@25e60726, org.springframework.security.web.access.intercept.AuthorizationFilter@136dc575]
2023-06-15 12:46:11 [main] INFO  o.a.coyote.http11.Http11NioProtocol -
				Starting ProtocolHandler ["http-nio-9443"]
2023-06-15 12:46:11 [main] INFO  o.s.b.w.e.tomcat.TomcatWebServer -
				Tomcat started on port(s): 9443 (http) with context path ''
2023-06-15 12:46:11 [main] INFO  c.o.d.DeskbookUserServicesApplication -
				Started DeskbookUserServicesApplication in 14.666 seconds (process running for 15.799)
2023-06-15 12:46:16 [http-nio-9443-exec-3] INFO  o.a.c.c.C.[Tomcat].[localhost].[/] -
				Initializing Spring DispatcherServlet 'dispatcherServlet'
2023-06-15 12:46:16 [http-nio-9443-exec-3] INFO  o.s.web.servlet.DispatcherServlet -
				Initializing Servlet 'dispatcherServlet'
2023-06-15 12:46:16 [http-nio-9443-exec-3] INFO  o.s.web.servlet.DispatcherServlet -
				Completed initialization in 2 ms
2023-06-15 12:46:17 [http-nio-9443-exec-3] ERROR c.o.d.controllers.CityController -
				Preet is great
2023-06-15 12:46:17 [http-nio-9443-exec-3] ERROR c.o.d.controllers.CityController -
				An error occurred in getCities: / by zero
2023-06-15 12:49:25 [background-preinit] INFO  o.h.validator.internal.util.Version -
				HV000001: Hibernate Validator 8.0.0.Final
2023-06-15 12:49:25 [main] INFO  c.o.d.DeskbookUserServicesApplication -
				Starting DeskbookUserServicesApplication using Java 17.0.5 with PID 5768 (C:\Users\preet.patel\eclipse-workspace\Desk-Book\deskbook-java-service-Develop\target\classes started by preet.patel in C:\Users\preet.patel\eclipse-workspace\Desk-Book\deskbook-java-service-Develop)
2023-06-15 12:49:25 [main] INFO  c.o.d.DeskbookUserServicesApplication -
				The following 1 profile is active: "local"
2023-06-15 12:49:27 [main] INFO  o.s.d.r.c.RepositoryConfigurationDelegate -
				Bootstrapping Spring Data JPA repositories in DEFAULT mode.
2023-06-15 12:49:27 [main] INFO  o.s.d.r.c.RepositoryConfigurationDelegate -
				Finished Spring Data repository scanning in 187 ms. Found 11 JPA repository interfaces.
2023-06-15 12:49:29 [main] INFO  o.s.b.w.e.tomcat.TomcatWebServer -
				Tomcat initialized with port(s): 9443 (http)
2023-06-15 12:49:29 [main] INFO  o.a.coyote.http11.Http11NioProtocol -
				Initializing ProtocolHandler ["http-nio-9443"]
2023-06-15 12:49:29 [main] INFO  o.a.catalina.core.StandardService -
				Starting service [Tomcat]
2023-06-15 12:49:29 [main] INFO  o.a.catalina.core.StandardEngine -
				Starting Servlet engine: [Apache Tomcat/10.1.7]
2023-06-15 12:49:29 [main] INFO  o.a.c.c.C.[Tomcat].[localhost].[/] -
				Initializing Spring embedded WebApplicationContext
2023-06-15 12:49:29 [main] INFO  o.s.b.w.s.c.ServletWebServerApplicationContext -
				Root WebApplicationContext: initialization completed in 3546 ms
2023-06-15 12:49:29 [main] INFO  o.h.jpa.internal.util.LogHelper -
				HHH000204: Processing PersistenceUnitInfo [name: default]
2023-06-15 12:49:29 [main] INFO  org.hibernate.Version -
				HHH000412: Hibernate ORM core version 6.1.7.Final
2023-06-15 12:49:30 [main] INFO  com.zaxxer.hikari.HikariDataSource -
				HikariPool-1 - Starting...
2023-06-15 12:49:30 [main] INFO  com.zaxxer.hikari.pool.HikariPool -
				HikariPool-1 - Added connection ConnectionID:1 ClientConnectionId: a85cb5a5-b6ee-4abd-bd64-9533a8471d2b
2023-06-15 12:49:30 [main] INFO  com.zaxxer.hikari.HikariDataSource -
				HikariPool-1 - Start completed.
2023-06-15 12:49:31 [main] INFO  SQL dialect -
				HHH000400: Using dialect: org.hibernate.dialect.SQLServerDialect
2023-06-15 12:49:33 [main] INFO  o.h.e.t.j.p.i.JtaPlatformInitiator -
				HHH000490: Using JtaPlatform implementation: [org.hibernate.engine.transaction.jta.platform.internal.NoJtaPlatform]
2023-06-15 12:49:33 [main] INFO  o.s.o.j.LocalContainerEntityManagerFactoryBean -
				Initialized JPA EntityManagerFactory for persistence unit 'default'
2023-06-15 12:49:35 [main] WARN  o.s.b.a.o.j.JpaBaseConfiguration$JpaWebConfiguration -
				spring.jpa.open-in-view is enabled by default. Therefore, database queries may be performed during view rendering. Explicitly configure spring.jpa.open-in-view to disable this warning
2023-06-15 12:49:38 [main] INFO  o.s.s.web.DefaultSecurityFilterChain -
				Will secure any request with [org.springframework.security.web.session.DisableEncodeUrlFilter@3943c449, org.springframework.security.web.context.request.async.WebAsyncManagerIntegrationFilter@26c09f3f, org.springframework.security.web.context.SecurityContextHolderFilter@536e3aab, org.springframework.security.web.header.HeaderWriterFilter@2d8a45a, org.springframework.web.filter.CorsFilter@37d92db4, org.springframework.security.web.authentication.logout.LogoutFilter@634cd45c, org.springframework.security.oauth2.server.resource.web.authentication.BearerTokenAuthenticationFilter@6fbfd6ed, org.springframework.security.web.savedrequest.RequestCacheAwareFilter@3118a, org.springframework.security.web.servletapi.SecurityContextHolderAwareRequestFilter@392a091, org.springframework.security.web.authentication.AnonymousAuthenticationFilter@7fa9e773, org.springframework.security.web.access.ExceptionTranslationFilter@571ecfe2, org.springframework.security.web.access.intercept.AuthorizationFilter@43b3d197]
2023-06-15 12:49:38 [main] INFO  o.a.coyote.http11.Http11NioProtocol -
				Starting ProtocolHandler ["http-nio-9443"]
2023-06-15 12:49:38 [main] WARN  o.s.b.w.s.c.AnnotationConfigServletWebServerApplicationContext -
				Exception encountered during context initialization - cancelling refresh attempt: org.springframework.context.ApplicationContextException: Failed to start bean 'webServerStartStop'
2023-06-15 12:49:38 [main] INFO  o.s.o.j.LocalContainerEntityManagerFactoryBean -
				Closing JPA EntityManagerFactory for persistence unit 'default'
2023-06-15 12:49:38 [main] INFO  com.zaxxer.hikari.HikariDataSource -
				HikariPool-1 - Shutdown initiated...
2023-06-15 12:49:38 [main] INFO  com.zaxxer.hikari.HikariDataSource -
				HikariPool-1 - Shutdown completed.
2023-06-15 12:49:38 [main] INFO  o.a.coyote.http11.Http11NioProtocol -
				Pausing ProtocolHandler ["http-nio-9443"]
2023-06-15 12:49:38 [main] INFO  o.a.catalina.core.StandardService -
				Stopping service [Tomcat]
2023-06-15 12:49:38 [main] INFO  o.a.coyote.http11.Http11NioProtocol -
				Stopping ProtocolHandler ["http-nio-9443"]
2023-06-15 12:49:38 [main] INFO  o.a.coyote.http11.Http11NioProtocol -
				Destroying ProtocolHandler ["http-nio-9443"]
2023-06-15 12:49:38 [main] INFO  o.s.b.a.l.ConditionEvaluationReportLogger -
				

Error starting ApplicationContext. To display the condition evaluation report re-run your application with 'debug' enabled.
2023-06-15 12:49:38 [main] ERROR o.s.b.d.LoggingFailureAnalysisReporter -
				

***************************
APPLICATION FAILED TO START
***************************

Description:

Web server failed to start. Port 9443 was already in use.

Action:

Identify and stop the process that's listening on port 9443 or configure this application to listen on another port.

2023-06-15 12:49:52 [background-preinit] INFO  o.h.validator.internal.util.Version -
				HV000001: Hibernate Validator 8.0.0.Final
2023-06-15 12:49:52 [main] INFO  c.o.d.DeskbookUserServicesApplication -
				Starting DeskbookUserServicesApplication using Java 17.0.5 with PID 11112 (C:\Users\preet.patel\eclipse-workspace\Desk-Book\deskbook-java-service-Develop\target\classes started by preet.patel in C:\Users\preet.patel\eclipse-workspace\Desk-Book\deskbook-java-service-Develop)
2023-06-15 12:49:52 [main] INFO  c.o.d.DeskbookUserServicesApplication -
				The following 1 profile is active: "local"
2023-06-15 12:49:54 [main] INFO  o.s.d.r.c.RepositoryConfigurationDelegate -
				Bootstrapping Spring Data JPA repositories in DEFAULT mode.
2023-06-15 12:49:54 [main] INFO  o.s.d.r.c.RepositoryConfigurationDelegate -
				Finished Spring Data repository scanning in 177 ms. Found 11 JPA repository interfaces.
2023-06-15 12:49:55 [main] INFO  o.s.b.w.e.tomcat.TomcatWebServer -
				Tomcat initialized with port(s): 9443 (http)
2023-06-15 12:49:55 [main] INFO  o.a.coyote.http11.Http11NioProtocol -
				Initializing ProtocolHandler ["http-nio-9443"]
2023-06-15 12:49:55 [main] INFO  o.a.catalina.core.StandardService -
				Starting service [Tomcat]
2023-06-15 12:49:55 [main] INFO  o.a.catalina.core.StandardEngine -
				Starting Servlet engine: [Apache Tomcat/10.1.7]
2023-06-15 12:49:55 [main] INFO  o.a.c.c.C.[Tomcat].[localhost].[/] -
				Initializing Spring embedded WebApplicationContext
2023-06-15 12:49:55 [main] INFO  o.s.b.w.s.c.ServletWebServerApplicationContext -
				Root WebApplicationContext: initialization completed in 3565 ms
2023-06-15 12:49:56 [main] INFO  o.h.jpa.internal.util.LogHelper -
				HHH000204: Processing PersistenceUnitInfo [name: default]
2023-06-15 12:49:56 [main] INFO  org.hibernate.Version -
				HHH000412: Hibernate ORM core version 6.1.7.Final
2023-06-15 12:49:56 [main] INFO  com.zaxxer.hikari.HikariDataSource -
				HikariPool-1 - Starting...
2023-06-15 12:49:57 [main] INFO  com.zaxxer.hikari.pool.HikariPool -
				HikariPool-1 - Added connection ConnectionID:1 ClientConnectionId: 3da52ebe-56d2-4e98-b1eb-ab2c7c3dd00e
2023-06-15 12:49:57 [main] INFO  com.zaxxer.hikari.HikariDataSource -
				HikariPool-1 - Start completed.
2023-06-15 12:49:57 [main] INFO  SQL dialect -
				HHH000400: Using dialect: org.hibernate.dialect.SQLServerDialect
2023-06-15 12:49:59 [main] INFO  o.h.e.t.j.p.i.JtaPlatformInitiator -
				HHH000490: Using JtaPlatform implementation: [org.hibernate.engine.transaction.jta.platform.internal.NoJtaPlatform]
2023-06-15 12:49:59 [main] INFO  o.s.o.j.LocalContainerEntityManagerFactoryBean -
				Initialized JPA EntityManagerFactory for persistence unit 'default'
2023-06-15 12:50:02 [main] WARN  o.s.b.a.o.j.JpaBaseConfiguration$JpaWebConfiguration -
				spring.jpa.open-in-view is enabled by default. Therefore, database queries may be performed during view rendering. Explicitly configure spring.jpa.open-in-view to disable this warning
2023-06-15 12:50:04 [main] INFO  o.s.s.web.DefaultSecurityFilterChain -
				Will secure any request with [org.springframework.security.web.session.DisableEncodeUrlFilter@7dc0b40a, org.springframework.security.web.context.request.async.WebAsyncManagerIntegrationFilter@1fb66050, org.springframework.security.web.context.SecurityContextHolderFilter@1a4eb337, org.springframework.security.web.header.HeaderWriterFilter@63eebb56, org.springframework.web.filter.CorsFilter@65f68e96, org.springframework.security.web.authentication.logout.LogoutFilter@3118a, org.springframework.security.oauth2.server.resource.web.authentication.BearerTokenAuthenticationFilter@71c16f67, org.springframework.security.web.savedrequest.RequestCacheAwareFilter@243deb3f, org.springframework.security.web.servletapi.SecurityContextHolderAwareRequestFilter@1bf3af3d, org.springframework.security.web.authentication.AnonymousAuthenticationFilter@37cc1b11, org.springframework.security.web.access.ExceptionTranslationFilter@6b13f456, org.springframework.security.web.access.intercept.AuthorizationFilter@2035f1f0]
2023-06-15 12:50:04 [main] INFO  o.a.coyote.http11.Http11NioProtocol -
				Starting ProtocolHandler ["http-nio-9443"]
2023-06-15 12:50:04 [main] INFO  o.s.b.w.e.tomcat.TomcatWebServer -
				Tomcat started on port(s): 9443 (http) with context path ''
2023-06-15 12:50:04 [main] INFO  c.o.d.DeskbookUserServicesApplication -
				Started DeskbookUserServicesApplication in 13.332 seconds (process running for 14.44)
2023-06-15 12:50:09 [http-nio-9443-exec-2] INFO  o.a.c.c.C.[Tomcat].[localhost].[/] -
				Initializing Spring DispatcherServlet 'dispatcherServlet'
2023-06-15 12:50:09 [http-nio-9443-exec-2] INFO  o.s.web.servlet.DispatcherServlet -
				Initializing Servlet 'dispatcherServlet'
2023-06-15 12:50:09 [http-nio-9443-exec-2] INFO  o.s.web.servlet.DispatcherServlet -
				Completed initialization in 5 ms
2023-06-15 13:04:12 [http-nio-9443-exec-2] ERROR c.o.d.controllers.CityController -
				Preet is great
2023-06-15 13:04:12 [http-nio-9443-exec-2] ERROR c.o.d.controllers.CityController -
				An error occurred in getCities: / by zero
